[ 2025-02-09 16:53:26,594 ] 17 root - INFO - create a dataingestion config class using datclass(without using init method)
[ 2025-02-09 16:53:26,594 ] 25 root - INFO - create a data ingestion class
[ 2025-02-09 16:53:26,594 ] 32 root - INFO - Data ingestion is started
[ 2025-02-09 16:53:26,594 ] 34 root - INFO - read the dataset
[ 2025-02-09 16:53:26,615 ] 37 root - INFO - create a directory for data path(train,test,raw)
[ 2025-02-09 16:53:26,615 ] 41 root - INFO - read the dataset to raw path
[ 2025-02-09 16:53:26,668 ] 44 root - INFO - train test split is started
[ 2025-02-09 16:53:26,747 ] 107 root - INFO - read the train and test data
[ 2025-02-09 16:53:26,806 ] 111 root - INFO - Dropping unnecessary columns...
[ 2025-02-09 16:53:26,817 ] 116 root - INFO - take the preprocessor obj for do data transformation
[ 2025-02-09 16:53:26,817 ] 45 root - INFO - Data Transformation is started.
[ 2025-02-09 16:53:26,830 ] 94 root - INFO - Data transformation is completed.
[ 2025-02-09 16:53:26,849 ] 127 root - INFO - from the train  and test input data i have to drop target col
[ 2025-02-09 16:53:26,853 ] 134 root - INFO - apply preprocesssor obj to the input train and test data
[ 2025-02-09 16:53:26,888 ] 139 root - INFO - combine the input data along with target col
[ 2025-02-09 16:53:26,888 ] 155 root - INFO - return train and test data and preprocessor file path
[ 2025-02-09 16:53:26,891 ] 25 root - INFO - take the x_train,x_test,y_train,y_test data
[ 2025-02-09 16:53:26,891 ] 32 root - INFO - take the all models
[ 2025-02-09 16:53:26,891 ] 43 root - INFO - apply evlaute model for train and test data
[ 2025-02-09 16:53:26,930 ] 47 root - INFO - best model score is:
[ 2025-02-09 16:53:26,930 ] 50 root - INFO - best model name is
[ 2025-02-09 16:53:26,930 ] 55 root - INFO - best model from all is
[ 2025-02-09 16:53:26,930 ] 66 root - INFO - predoction for tets data
