[ 2025-02-09 17:10:09,260 ] 17 root - INFO - create a dataingestion config class using datclass(without using init method)
[ 2025-02-09 17:10:09,260 ] 25 root - INFO - create a data ingestion class
[ 2025-02-09 17:10:09,260 ] 32 root - INFO - Data ingestion is started
[ 2025-02-09 17:10:09,260 ] 34 root - INFO - read the dataset
[ 2025-02-09 17:10:09,277 ] 37 root - INFO - create a directory for data path(train,test,raw)
[ 2025-02-09 17:10:09,277 ] 41 root - INFO - read the dataset to raw path
[ 2025-02-09 17:10:09,335 ] 44 root - INFO - train test split is started
[ 2025-02-09 17:10:09,400 ] 94 root - INFO - read the train and test data
[ 2025-02-09 17:10:09,451 ] 100 root - INFO - take the preprocessor obj for do data transformation
[ 2025-02-09 17:10:09,459 ] 32 root - INFO - Data Transformation is started.
[ 2025-02-09 17:10:09,459 ] 81 root - INFO - Data transformation is completed.
[ 2025-02-09 17:10:09,469 ] 111 root - INFO - from the train  and test input data i have to drop target col
[ 2025-02-09 17:10:09,480 ] 118 root - INFO - apply preprocesssor obj to the input train and test data
[ 2025-02-09 17:10:09,517 ] 123 root - INFO - combine the input data along with target col
[ 2025-02-09 17:10:09,518 ] 139 root - INFO - return train and test data and preprocessor file path
[ 2025-02-09 17:10:09,518 ] 26 root - INFO - take the x_train,x_test,y_train,y_test data
[ 2025-02-09 17:10:09,518 ] 33 root - INFO - take the all models
[ 2025-02-09 17:10:09,518 ] 44 root - INFO - apply evlaute model for train and test data
[ 2025-02-09 17:10:09,875 ] 48 root - INFO - best model score is:
[ 2025-02-09 17:10:09,875 ] 53 root - INFO - best model name is
[ 2025-02-09 17:10:09,875 ] 58 root - INFO - best model from all is
[ 2025-02-09 17:10:09,875 ] 69 root - INFO - predoction for tets data
