[ 2025-02-09 16:44:08,309 ] 17 root - INFO - create a dataingestion config class using datclass(without using init method)
[ 2025-02-09 16:44:08,310 ] 25 root - INFO - create a data ingestion class
[ 2025-02-09 16:44:08,310 ] 32 root - INFO - Data ingestion is started
[ 2025-02-09 16:44:08,310 ] 34 root - INFO - read the dataset
[ 2025-02-09 16:44:08,328 ] 37 root - INFO - create a directory for data path(train,test,raw)
[ 2025-02-09 16:44:08,328 ] 41 root - INFO - read the dataset to raw path
[ 2025-02-09 16:44:08,390 ] 44 root - INFO - train test split is started
[ 2025-02-09 16:44:08,469 ] 107 root - INFO - read the train and test data
[ 2025-02-09 16:44:08,533 ] 111 root - INFO - Dropping unnecessary columns...
[ 2025-02-09 16:44:08,533 ] 116 root - INFO - take the preprocessor obj for do data transformation
[ 2025-02-09 16:44:08,533 ] 45 root - INFO - Data Transformation is started.
[ 2025-02-09 16:44:08,548 ] 94 root - INFO - Data transformation is completed.
[ 2025-02-09 16:44:08,563 ] 127 root - INFO - from the train  and test input data i have to drop target col
[ 2025-02-09 16:44:08,567 ] 134 root - INFO - apply preprocesssor obj to the input train and test data
[ 2025-02-09 16:44:08,603 ] 139 root - INFO - combine the input data along with target col
[ 2025-02-09 16:44:08,603 ] 155 root - INFO - return train and test data and preprocessor file path
[ 2025-02-09 16:44:08,603 ] 25 root - INFO - take the x_train,x_test,y_train,y_test data
[ 2025-02-09 16:44:08,603 ] 32 root - INFO - take the all models
[ 2025-02-09 16:44:08,603 ] 43 root - INFO - apply evlaute model for train and test data
[ 2025-02-09 16:44:08,610 ] 47 root - INFO - best model score is:
[ 2025-02-09 16:44:08,610 ] 50 root - INFO - best model name is
[ 2025-02-09 16:44:08,610 ] 55 root - INFO - best model from all is
